2025-08-04 14:48:27,289 - POS_System - INFO - Configuration loaded from config.json
2025-08-04 14:48:27,289 - POS_System - CRITICAL - Fatal error: 'receipt_dir'
Traceback (most recent call last):
  File "E:\IDM Download\Cashier System\main.py", line 78, in main
    setup_directories(config)
  File "E:\IDM Download\Cashier System\main.py", line 52, in setup_directories
    dir_path = Path(config[dir_key])
                    ~~~~~~^^^^^^^^^
KeyError: 'receipt_dir'
2025-08-04 14:48:49,228 - POS_System - INFO - Configuration loaded from config.json
2025-08-04 14:48:49,228 - POS_System - CRITICAL - Fatal error: expected str, bytes or os.PathLike object, not dict
Traceback (most recent call last):
  File "E:\IDM Download\Cashier System\main.py", line 91, in main
    db = Database(config["database"])
         ^^^^^^^^^^^^^^^^^^^^^^^^^^^^
  File "E:\IDM Download\Cashier System\database.py", line 11, in __init__
    self.conn = sqlite3.connect(db_name)
                ^^^^^^^^^^^^^^^^^^^^^^^^
TypeError: expected str, bytes or os.PathLike object, not dict
2025-08-04 14:49:09,999 - POS_System - INFO - Configuration loaded from config.json
2025-08-04 14:49:09,999 - POS_System - INFO - Database initialized: pos.db
2025-08-04 14:49:10,112 - POS_System.UI - INFO - Applied theme: default
2025-08-04 14:49:10,125 - POS_System - CRITICAL - Fatal error: 'CashierUI' object has no attribute '_show_daily_sales'
Traceback (most recent call last):
  File "E:\IDM Download\Cashier System\main.py", line 96, in main
    app = CashierUI(db, config)
          ^^^^^^^^^^^^^^^^^^^^^
  File "E:\IDM Download\Cashier System\ui.py", line 35, in __init__
    self._build_gui()
  File "E:\IDM Download\Cashier System\ui.py", line 82, in _build_gui
    self._create_menu_bar()
  File "E:\IDM Download\Cashier System\ui.py", line 118, in _create_menu_bar
    reports_menu.add_command(label="Daily Sales", command=self._show_daily_sales)
                                                          ^^^^^^^^^^^^^^^^^^^^^^
AttributeError: 'CashierUI' object has no attribute '_show_daily_sales'
2025-08-04 14:52:55,890 - POS_System - INFO - Configuration loaded from config.json
2025-08-04 14:52:55,891 - POS_System - INFO - Database initialized: pos.db
2025-08-04 14:52:56,029 - POS_System.UI - INFO - Applied theme: default
2025-08-04 14:52:56,041 - POS_System - INFO - Starting POS application
2025-08-04 14:53:16,892 - POS_System - INFO - Configuration loaded from config.json
2025-08-04 14:53:16,892 - POS_System - INFO - Database initialized: pos.db
2025-08-04 14:53:16,985 - POS_System.UI - INFO - Applied theme: default
2025-08-04 14:53:17,004 - POS_System - INFO - Starting POS application
2025-08-04 14:53:25,063 - POS_System.UI - INFO - Applied theme: dark
2025-08-04 14:53:30,087 - POS_System.UI - INFO - Applied theme: default
2025-08-04 14:55:36,258 - POS_System - INFO - Configuration loaded from config.json
2025-08-04 14:55:36,258 - POS_System - INFO - Database initialized: pos.db
2025-08-04 14:55:36,389 - POS_System.UI - INFO - Applied theme: default
2025-08-04 14:55:36,408 - POS_System - INFO - Starting POS application
2025-08-04 14:55:51,870 - POS_System.UI - INFO - Applied theme: dark
2025-08-04 14:55:51,870 - POS_System.UI - INFO - Theme changed to dark
2025-08-04 14:55:59,981 - POS_System.UI - INFO - Applied theme: light
2025-08-04 14:55:59,981 - POS_System.UI - INFO - Theme changed to light
2025-08-04 15:40:04,980 - POS_System - INFO - Configuration loaded from config.json
2025-08-04 15:40:04,980 - POS_System - INFO - Database initialized: pos.db
2025-08-04 15:40:05,198 - POS_System - CRITICAL - Fatal error: 'CashierUI' object has no attribute '_on_inventory_search'
Traceback (most recent call last):
  File "E:\IDM Download\Cashier System\main.py", line 96, in main
    app = CashierUI(db, config)
          ^^^^^^^^^^^^^^^^^^^^^
  File "E:\IDM Download\Cashier System\ui.py", line 44, in __init__
    self._build_gui()
  File "E:\IDM Download\Cashier System\ui.py", line 223, in _build_gui
    self.inv_search_var.trace("w", self._on_inventory_search)
                                   ^^^^^^^^^^^^^^^^^^^^^^^^^
AttributeError: 'CashierUI' object has no attribute '_on_inventory_search'. Did you mean: '_show_inventory_status'?
2025-08-04 15:40:31,841 - POS_System - INFO - Configuration loaded from config.json
2025-08-04 15:40:31,841 - POS_System - INFO - Database initialized: pos.db
2025-08-04 15:40:32,002 - POS_System - CRITICAL - Fatal error: 'CashierUI' object has no attribute '_edit_selected_product'
Traceback (most recent call last):
  File "E:\IDM Download\Cashier System\main.py", line 96, in main
    app = CashierUI(db, config)
          ^^^^^^^^^^^^^^^^^^^^^
  File "E:\IDM Download\Cashier System\ui.py", line 44, in __init__
    self._build_gui()
  File "E:\IDM Download\Cashier System\ui.py", line 260, in _build_gui
    self._add_inventory_context_menu()
  File "E:\IDM Download\Cashier System\ui.py", line 743, in _add_inventory_context_menu
    self.inv_context_menu.add_command(label="Edit Product", command=self._edit_selected_product)
                                                                    ^^^^^^^^^^^^^^^^^^^^^^^^^^^
AttributeError: 'CashierUI' object has no attribute '_edit_selected_product'
2025-08-04 15:41:22,647 - POS_System - INFO - Configuration loaded from config.json
2025-08-04 15:41:22,647 - POS_System - INFO - Database initialized: pos.db
2025-08-04 15:41:22,801 - POS_System - CRITICAL - Fatal error: 'CashierUI' object has no attribute '_on_inventory_double_click'
Traceback (most recent call last):
  File "E:\IDM Download\Cashier System\main.py", line 96, in main
    app = CashierUI(db, config)
          ^^^^^^^^^^^^^^^^^^^^^
  File "E:\IDM Download\Cashier System\ui.py", line 44, in __init__
    self._build_gui()
  File "E:\IDM Download\Cashier System\ui.py", line 263, in _build_gui
    self.inv_tv.bind("<Double-1>", self._on_inventory_double_click)
                                   ^^^^^^^^^^^^^^^^^^^^^^^^^^^^^^^
AttributeError: 'CashierUI' object has no attribute '_on_inventory_double_click'
2025-08-04 15:41:50,995 - POS_System - INFO - Configuration loaded from config.json
2025-08-04 15:41:50,995 - POS_System - INFO - Database initialized: pos.db
2025-08-04 15:41:51,200 - POS_System - CRITICAL - Fatal error: 'CashierUI' object has no attribute '_show_add_product'
Traceback (most recent call last):
  File "E:\IDM Download\Cashier System\main.py", line 96, in main
    app = CashierUI(db, config)
          ^^^^^^^^^^^^^^^^^^^^^
  File "E:\IDM Download\Cashier System\ui.py", line 44, in __init__
    self._build_gui()
  File "E:\IDM Download\Cashier System\ui.py", line 269, in _build_gui
    ttk.Button(inv_btn_frame, text="Add New Product", command=self._show_add_product).pack(side=tk.LEFT, padx=5)
                                                              ^^^^^^^^^^^^^^^^^^^^^^
AttributeError: 'CashierUI' object has no attribute '_show_add_product'
2025-08-04 15:42:07,334 - POS_System - INFO - Configuration loaded from config.json
2025-08-04 15:42:07,334 - POS_System - INFO - Database initialized: pos.db
2025-08-04 15:42:07,499 - POS_System - CRITICAL - Fatal error: 'CashierUI' object has no attribute '_export_excel'
Traceback (most recent call last):
  File "E:\IDM Download\Cashier System\main.py", line 96, in main
    app = CashierUI(db, config)
          ^^^^^^^^^^^^^^^^^^^^^
  File "E:\IDM Download\Cashier System\ui.py", line 44, in __init__
    self._build_gui()
  File "E:\IDM Download\Cashier System\ui.py", line 280, in _build_gui
    ttk.Button(imp_exp_frame, text="Export to Excel", command=self._export_excel).pack(side=tk.LEFT, padx=5, pady=5)
                                                              ^^^^^^^^^^^^^^^^^^
AttributeError: 'CashierUI' object has no attribute '_export_excel'. Did you mean: '_export_csv'?
2025-08-04 15:42:58,527 - POS_System - INFO - Configuration loaded from config.json
2025-08-04 15:42:58,527 - POS_System - INFO - Database initialized: pos.db
2025-08-04 15:42:58,733 - POS_System - CRITICAL - Fatal error: 'CashierUI' object has no attribute '_generate_sales_report'
Traceback (most recent call last):
  File "E:\IDM Download\Cashier System\main.py", line 96, in main
    app = CashierUI(db, config)
          ^^^^^^^^^^^^^^^^^^^^^
  File "E:\IDM Download\Cashier System\ui.py", line 44, in __init__
    self._build_gui()
  File "E:\IDM Download\Cashier System\ui.py", line 323, in _build_gui
    ttk.Button(date_frame, text="Generate Report", command=self._generate_sales_report).grid(row=0, column=6, padx=20, pady=5)
                                                           ^^^^^^^^^^^^^^^^^^^^^^^^^^^
AttributeError: 'CashierUI' object has no attribute '_generate_sales_report'
2025-08-04 15:43:29,097 - POS_System - INFO - Configuration loaded from config.json
2025-08-04 15:43:29,097 - POS_System - INFO - Database initialized: pos.db
2025-08-04 15:43:29,257 - POS_System - CRITICAL - Fatal error: 'CashierUI' object has no attribute '_view_sale_details'
Traceback (most recent call last):
  File "E:\IDM Download\Cashier System\main.py", line 96, in main
    app = CashierUI(db, config)
          ^^^^^^^^^^^^^^^^^^^^^
  File "E:\IDM Download\Cashier System\ui.py", line 44, in __init__
    self._build_gui()
  File "E:\IDM Download\Cashier System\ui.py", line 353, in _build_gui
    self.sales_tv.bind("<Double-1>", self._view_sale_details)
                                     ^^^^^^^^^^^^^^^^^^^^^^^
AttributeError: 'CashierUI' object has no attribute '_view_sale_details'
2025-08-04 15:46:22,166 - POS_System - INFO - Configuration loaded from config.json
2025-08-04 15:46:22,182 - POS_System - INFO - Database initialized: pos.db
2025-08-04 15:46:22,393 - POS_System - CRITICAL - Fatal error: 'CashierUI' object has no attribute '_export_sales_report'
Traceback (most recent call last):
  File "E:\IDM Download\Cashier System\main.py", line 96, in main
    app = CashierUI(db, config)
          ^^^^^^^^^^^^^^^^^^^^^
  File "E:\IDM Download\Cashier System\ui.py", line 44, in __init__
    self._build_gui()
  File "E:\IDM Download\Cashier System\ui.py", line 377, in _build_gui
    ttk.Button(summary_frame, text="Export Report", bootstyle="success", command=self._export_sales_report).grid(row=2, column=0, columnspan=4, pady=10)
                                                                                 ^^^^^^^^^^^^^^^^^^^^^^^^^
AttributeError: 'CashierUI' object has no attribute '_export_sales_report'. Did you mean: '_generate_sales_report'?
2025-08-04 15:48:08,083 - POS_System - INFO - Configuration loaded from config.json
2025-08-04 15:48:08,083 - POS_System - INFO - Database initialized: pos.db
2025-08-04 15:48:08,296 - POS_System - INFO - Starting POS application
2025-08-04 17:27:49,776 - POS_System - INFO - Configuration loaded from config.json
2025-08-04 17:27:49,776 - POS_System - INFO - Database initialized: pos.db
2025-08-04 17:27:50,040 - POS_System - INFO - Starting POS application
2025-08-04 17:50:58,889 - POS_System - INFO - Configuration loaded from config.json
2025-08-04 17:50:58,889 - POS_System - INFO - Database initialized: pos.db
2025-08-04 17:50:59,148 - POS_System - INFO - Starting POS application
2025-08-04 18:39:24,097 - POS_System - INFO - Configuration loaded from config.json
2025-08-04 18:39:24,097 - POS_System - INFO - Database initialized: pos.db
2025-08-04 18:39:24,297 - POS_System - INFO - Starting POS application
2025-08-04 19:40:32,542 - POS_System - INFO - Configuration loaded from config.json
2025-08-04 19:40:32,542 - POS_System - INFO - Database initialized: pos.db
2025-08-04 19:40:32,763 - POS_System - INFO - Starting POS application
